4
8
12
16
20
24
28
32
36
40
45
49
53
57
61
65
69
73
77
81
86
90
94
98
102
106
110
114
118
122
126
131
135
139
143
147
151
155
159
163
167
172
176
180
184
188
192
196
200
204
208
212
217
221
225
229
233
237
241
245
249
253
258
262
266
270
274
278
282
286
290
294
299
303
307
311
315
319
323
327
331
335
339
344
348
352
356
360
364
368
372
376
380
385
389
393
397
401
405
409
413
417
421
425
430
434
438
442
446
450
454
458
462
466
471
475
479
483
487
491
495
499
503
507
512
516
520
524
528
532
536
540
544
548
552
557
561
565
569
573
577
581
585
589
593
598
602
606
610
614
618
622
626
630
634
638
643
647
651
655
659
663
667
671
675
679
684
688
692
696
700
704
708
712
716
720
724
729
733
737
741
745
749
753
757
761
765
770
774
778
782
786
790
794
798
802
806
811
815
819
823
827
831
835
839
843
847
851
856
860
864
868
872
876
880
884
888
892
897
901
905
909
913
917
921
925
929
933
937
942
946
950
954
958
962
966
970
974
978
983
987
991
995
999
1003
1007
1011
1015
1019
1024
1028
1032
1036
1040
1044
1048
1052
1056
1060
1064
1069
1073
1077
1081
1085
1089
1093
1097
1101
1105
1110
1114
1118
1122
1126
1130
1134
1138
1142
1146
1150
1155
1159
1163
1167
1171
1175
1179
1183
1187
1191
1196
1200
1204
1208
1212
1216
1220
1224
1228
1232
1236
1241
1245
1249
1253
1257
1261
1265
1269
1273
1277
1282
1286
1290
1294
1298
1302
1306
1310
1314
1318
1323
1327
1331
1335
1339
1343
1347
1351
1355
1359
1363
1368
1372
1376
1380
1384
1388
1392
1396
1400
1404
1409
1413
1417
1421
1425
1429
1433
1437
1441
1445
1449
1454
1458
1462
1466
1470
1474
1478
1482
1486
1490
1495
1499
1503
1507
1511
1515
1519
1523
1527
1531
1536
1540
1544
1548
1552
1556
1560
1564
1568
1572
1576
1581
1585
1589
1593
1597
1601
1605
1609
1613
1617
1622
1626
1630
1634
1638
1642
1646
1650
1654
1658
1662
1667
1671
1675
1679
1683
1687
1691
1695
1699
1703
1708
1712
1716
1720
1724
1728
1732
1736
1740
1744
1748
1753
1757
1761
1765
1769
1773
1777
1781
1785
1789
1794
1798
1802
1806
1810
1814
1818
1822
1826
1830
1835
1839
1843
1847
1851
1855
1859
1863
1867
1871
1875
1880
1884
1888
1892
1896
1900
1904
1908
1912
1916
1921
1925
1929
1933
1937
1941
1945
1949
1953
1957
1961
1966
1970
1974
1978
1982
1986
1990
1994
1998
2002
2007
2011
2015
2019
2023
2027
2031
2035
2039
2043
2048
2052
2056
2060
2064
2068
2072
2076
2080
2084
2088
2093
2097
2101
2105
2109
2113
2117
2121
2125
2129
2134
2138
2142
2146
2150
2154
2158
2162
2166
2170
2174
2179
2183
2187
2191
2195
2199
2203
2207
2211
2215
2220
2224
2228
2232
2236
2240
2244
2248
2252
2256
2260
2265
2269
2273
2277
2281
2285
2289
2293
2297
2301
2306
2310
2314
2318
2322
2326
2330
2334
2338
2342
2347
2351
2355
2359
2363
2367
2371
2375
2379
2383
2387
2392
2396
2400
2404
2408
2412
2416
2420
2424
2428
2433
2437
2441
2445
2449
2453
2457
2461
2465
2469
2473
2478
2482
2486
2490
2494
2498
2502
2506
2510
2514
2519
2523
2527
2531
2535
2539
2543
2547
2551
2555
2560
2564
2568
2572
2576
2580
2584
2588
2592
2596
2600
2605
2609
2613
2617
2621
2625
2629
2633
2637
2641
2646
2650
2654
2658
2662
2666
2670
2674
2678
2682
2686
2691
2695
2699
2703
2707
2711
2715
2719
2723
2727
2732
2736
2740
2744
2748
2752
2756
2760
2764
2768
2772
2777
2781
2785
2789
2793
2797
2801
2805
2809
2813
2818
2822
2826
2830
2834
2838
2842
2846
2850
2854
2859
2863
2867
2871
2875
2879
2883
2887
2891
2895
2899
2904
2908
2912
2916
2920
2924
2928
2932
2936
2940
2945
2949
2953
2957
2961
2965
2969
2973
2977
2981
2985
2990
2994
2998
3002
3006
3010
3014
3018
3022
3026
3031
3035
3039
3043
3047
3051
3055
3059
3063
3067
3072
3076
3080
3084
3088
3092
3096
3100
3104
3108
3112
3117
3121
3125
3129
3133
3137
3141
3145
3149
3153
3158
3162
3166
3170
3174
3178
3182
3186
3190
3194
3198
3203
3207
3211
3215
3219
3223
3227
3231
3235
3239
3244
3248
3252
3256
3260
3264
3268
3272
3276
3280
3284
3289
3293
3297
3301
3305
3309
3313
3317
3321
3325
3330
3334
3338
3342
3346
3350
3354
3358
3362
3366
3371
3375
3379
3383
3387
3391
3395
3399
3403
3407
3411
3416
3420
3424
3428
3432
3436
3440
3444
3448
3452
3457
3461
3465
3469
3473
3477
3481
3485
3489
3493
3497
3502
3506
3510
3514
3518
3522
3526
3530
3534
3538
3543
3547
3551
3555
3559
3563
3567
3571
3575
3579
3584
3588
3592
3596
3600
3604
3608
3612
3616
3620
3624
3629
3633
3637
3641
3645
3649
3653
3657
3661
3665
3670
3674
3678
3682
3686
3690
3694
3698
3702
3706
3710
3715
3719
3723
3727
3731
3735
3739
3743
3747
3751
3756
3760
3764
3768
3772
3776
3780
3784
3788
3792
3796
3801
3805
3809
3813
3817
3821
3825
3829
3833
3837
3842
3846
3850
3854
3858
3862
3866
3870
3874
3878
3883
3887
3891
3895
3899
3903
3907
3911
3915
3919
3923
3928
3932
3936
3940
3944
3948
3952
3956
3960
3964
3969
3973
3977
3981
3985
3989
3993
3997
4001
4005
4009
4014
4018
4022
4026
4030
4034
4038
4042
4046
4050
4055
4059
4063
4067
4071
4075
4079
4083
4087
4091
4096
4100
4104
4108
4112
4116
4120
4124
4128
4132
4136
4141
4145
4149
4153
4157
4161
4165
4169
4173
4177
4182
4186
4190
4194
4198
4202
4206
4210
4214
4218
4222
4227
4231
4235
4239
4243
4247
4251
4255
4259
4263
4268
4272
4276
4280
4284
4288
4292
4296
4300
4304
4308
4313
4317
4321
4325
4329
4333
4337
4341
4345
4349
4354
4358
4362
4366
4370
4374
4378
4382
4386
4390
4395
4399
4403
4407
4411
4415
4419
4423
4427
4431
4435
4440
4444
4448
4452
4456
4460
4464
4468
4472
4476
4481
4485
4489
4493
4497
4501
4505
4509
4513
4517
4521
4526
4530
4534
4538
4542
4546
4550
4554
4558
4562
4567
4571
4575
4579
4583
4587
4591
4595
4599
4603
4608
4612
4616
4620
4624
4628
4632
4636
4640
4644
4648
4653
4657
4661
4665
4669
4673
4677
4681
4685
4689
4694
4698
4702
4706
4710
4714
4718
4722
4726
4730
4734
4739
4743
4747
4751
4755
4759
4763
4767
4771
4775
4780
4784
4788
4792
4796
4800
4804
4808
4812
4816
4820
4825
4829
4833
4837
4841
4845
4849
4853
4857
4861
4866
4870
4874
4878
4882
4886
4890
4894
4898
4902
4907
4911
4915
4919
4923
4927
4931
4935
4939
4943
4947
4952
4956
4960
4964
4968
4972
4976
4980
4984
4988
4993
4997
5001
5005
5009
5013
5017
5021
5025
5029
5033
5038
5042
5046
5050
5054
5058
5062
5066
5070
5074
5079
5083
5087
5091
5095
5099
5103
5107
5111
5115
5120
5124
5128
5132
5136
5140
5144
5148
5152
5156
5160
5165
5169
5173
5177
5181
5185
5189
5193
5197
5201
5206
5210
5214
5218
5222
5226
5230
5234
5238
5242
5246
5251
5255
5259
5263
5267
5271
5275
5279
5283
5287
5292
5296
5300
5304
5308
5312
5316
5320
5324
5328
5332
5337
5341
5345
5349
5353
5357
5361
5365
5369
5373
5378
5382
5386
5390
5394
5398
5402
5406
5410
5414
5419
5423
5427
5431
5435
5439
5443
5447
5451
5455
5459
5464
5468
5472
5476
5480
5484
5488
5492
5496
5500
5505
5509
5513
5517
5521
5525
5529
5533
5537
5541
5545
5550
5554
5558
5562
5566
5570
5574
5578
5582
5586
5591
5595
5599
5603
5607
5611
5615
5619
5623
5627
5632
5636
5640
5644
5648
5652
5656
5660
5664
5668
5672
5677
5681
5685
5689
5693
5697
5701
5705
5709
5713
5718
5722
5726
5730
5734
5738
5742
5746
5750
5754
5758
5763
5767
5771
5775
5779
5783
5787
5791
5795
5799
5804
5808
5812
5816
5820
5824
5828
5832
5836
5840
5844
5849
5853
5857
5861
5865
5869
5873
5877
5881
5885
5890
5894
5898
5902
5906
5910
5914
5918
5922
5926
5931
5935
5939
5943
5947
5951
5955
5959
5963
5967
5971
5976
5980
5984
5988
5992
5996
6000
6004
6008
6012
6017
6021
6025
6029
6033
6037
6041
6045
6049
6053
6057
6062
6066
6070
6074
6078
6082
6086
6090
6094
6098
6103
6107
6111
6115
6119
6123
6127
6131
6135
6139
6144
6148
6152
6156
6160
6164
6168
6172
6176
6180
6184
6189
6193
6197
6201
6205
6209
6213
6217
6221
6225
6230
6234
6238
6242
6246
6250
6254
6258
6262
6266
6270
6275
6279
6283
6287
6291
6295
6299
6303
6307
6311
6316
6320
6324
6328
6332
6336
6340
6344
6348
6352
6356
6361
6365
6369
6373
6377
6381
6385
6389
6393
6397
6402
6406
6410
6414
6418
6422
6426
6430
6434
6438
6443
6447
6451
6455
6459
6463
6467
6471
6475
6479
6483
6488
6492
6496
6500
6504
6508
6512
6516
6520
6524
6529
6533
6537
6541
6545
6549
6553
6557
6561
6565
6569
6574
6578
6582
6586
6590
6594
6598
6602
6606
6610
6615
6619
6623
6627
6631
6635
6639
6643
6647
6651
6656
6660
6664
6668
6672
6676
6680
6684
6688
6692
6696
6701
6705
6709
6713
6717
6721
6725
6729
6733
6737
6742
6746
6750
6754
6758
6762
6766
6770
6774
6778
6782
6787
6791
6795
6799
6803
6807
6811
6815
6819
6823
6828
6832
6836
6840
6844
6848
6852
6856
6860
6864
6868
6873
6877
6881
6885
6889
6893
6897
6901
6905
6909
6914
6918
6922
6926
6930
6934
6938
6942
6946
6950
6955
6959
6963
6967
6971
6975
6979
6983
6987
6991
6995
7000
7004
7008
7012
7016
7020
7024
7028
7032
7036
7041
7045
7049
7053
7057
7061
7065
7069
7073
7077
7081
7086
7090
7094
7098
7102
7106
7110
7114
7118
7122
7127
7131
7135
7139
7143
7147
7151
7155
7159
7163
7168
7172
7176
7180
7184
7188
7192
7196
7200
7204
7208
7213
7217
7221
7225
7229
7233
7237
7241
7245
7249
7254
7258
7262
7266
7270
7274
7278
7282
7286
7290
7294
7299
7303
7307
7311
7315
7319
7323
7327
7331
7335
7340
7344
7348
7352
7356
7360
7364
7368
7372
7376
7380
7385
7389
7393
7397
7401
7405
7409
7413
7417
7421
7426
7430
7434
7438
7442
7446
7450
7454
7458
7462
7467
7471
7475
7479
7483
7487
7491
7495
7499
7503
7507
7512
7516
7520
7524
7528
7532
7536
7540
7544
7548
7553
7557
7561
7565
7569
7573
7577
7581
7585
7589
7593
7598
7602
7606
7610
7614
7618
7622
7626
7630
7634
7639
7643
7647
7651
7655
7659
7663
7667
7671
7675
7680
7684
7688
7692
7696
7700
7704
7708
7712
7716
7720
7725
7729
7733
7737
7741
7745
7749
7753
7757
7761
7766
7770
7774
7778
7782
7786
7790
7794
7798
7802
7806
7811
7815
7819
7823
7827
7831
7835
7839
7843
7847
7852
7856
7860
7864
7868
7872
7876
7880
7884
7888
7892
7897
7901
7905
7909
7913
7917
7921
7925
7929
7933
7938
7942
7946
7950
7954
7958
7962
7966
7970
7974
7979
7983
7987
7991
7995
7999
8003
8007
8011
8015
8019
8024
8028
8032
8036
8040
8044
8048
8052
8056
8060
8065
8069
8073
8077
8081
8085
8089
8093
8097
8101
8105
8110
8114
8118
8122
8126
8130
8134
8138
8142
8146
8151
8155
8159
8163
8167
8171
8175
8179
8183
8187
8192
8196
8200
8204
8208
8212
8216
8220
8224
8228
8232
8237
8241
8245
8249
8253
8257
8261
8265
8269
8273
8278
8282
8286
8290
8294
8298
8302
8306
8310
8314
8318
8323
8327
8331
8335
8339
8343
8347
8351
8355
8359
8364
8368
8372
8376
8380
8384
8388
8392
8396
8400
8404
8409
8413
8417
8421
8425
8429
8433
8437
8441
8445
8450
8454
8458
8462
8466
8470
8474
8478
8482
8486
8491
8495
8499
8503
8507
8511
8515
8519
8523
8527
8531
8536
8540
8544
8548
8552
8556
8560
8564
8568
8572
8577
8581
8585
8589
8593
8597
8601
8605
8609
8613
8617
8622
8626
8630
8634
8638
8642
8646
8650
8654
8658
8663
8667
8671
8675
8679
8683
8687
8691
8695
8699
8704
8708
8712
8716
8720
8724
8728
8732
8736
8740
8744
8749
8753
8757
8761
8765
8769
8773
8777
8781
8785
8790
8794
8798
8802
8806
8810
8814
8818
8822
8826
8830
8835
8839
8843
8847
8851
8855
8859
8863
8867
8871
8876
8880
8884
8888
8892
8896
8900
8904
8908
8912
8916
8921
8925
8929
8933
8937
8941
8945
8949
8953
8957
8962
8966
8970
8974
8978
8982
8986
8990
8994
8998
9003
9007
9011
9015
9019
9023
9027
9031
9035
9039
9043
9048
9052
9056
9060
9064
9068
9072
9076
9080
9084
9089
9093
9097
9101
9105
9109
9113
9117
9121
9125
9129
9134
9138
9142
9146
9150
9154
9158
9162
9166
9170
9175
9179
9183
9187
9191
9195
9199
9203
9207
9211
9216
9220
9224
9228
9232
9236
9240
9244
9248
9252
9256
9261
9265
9269
9273
9277
9281
9285
9289
9293
9297
9302
9306
9310
9314
9318
9322
9326
9330
9334
9338
9342
9347
9351
9355
9359
9363
9367
9371
9375
9379
9383
9388
9392
9396
9400
9404
9408
9412
9416
9420
9424
9428
9433
9437
9441
9445
9449
9453
9457
9461
9465
9469
9474
9478
9482
9486
9490
9494
9498
9502
9506
9510
9515
9519
9523
9527
9531
9535
9539
9543
9547
9551
9555
9560
9564
9568
9572
9576
9580
9584
9588
9592
9596
9601
9605
9609
9613
9617
9621
9625
9629
9633
9637
9641
9646
9650
9654
9658
9662
9666
9670
9674
9678
9682
9687
9691
9695
9699
9703
9707
9711
9715
9719
9723
9728
9732
9736
9740
9744
9748
9752
9756
9760
9764
9768
9773
9777
9781
9785
9789
9793
9797
9801
9805
9809
9814
9818
9822
9826
9830
9834
9838
9842
9846
9850
9854
9859
9863
9867
9871
9875
9879
9883
9887
9891
9895
9900
9904
9908
9912
9916
9920
9924
9928
9932
9936
9940
9945
9949
9953
9957
9961
9965
9969
9973
9977
9981
9986
9990
9994
9998
10002
10006
10010
10014
10018
10022
10027
10031
10035
10039
10043
10047
10051
10055
10059
10063
10067
10072
10076
10080
10084
10088
10092
10096
10100
10104
10108
10113
10117
10121
10125
10129
10133
10137
10141
10145
10149
10153
10158
10162
10166
10170
10174
10178
10182
10186
10190
10194
10199
10203
10207
10211
10215
10219
10223
10227
10231
10235
10240
10244
10248
10252
10256
10260
10264
10268
10272
10276
10280
10285
10289
10293
10297
10301
10305
10309
10313
10317
10321
10326
10330
10334
10338
10342
10346
10350
10354
10358
10362
10366
10371
10375
10379
10383
10387
10391
10395
10399
10403
10407
10412
10416
10420
10424
10428
10432
10436
10440
10444
10448
10452
10457
10461
10465
10469
10473
10477
10481
10485
10489
10493
10498
10502
10506
10510
10514
10518
10522
10526
10530
10534
10539
10543
10547
10551
10555
10559
10563
10567
10571
10575
10579
10584
10588
10592
10596
10600
10604
10608
10612
10616
10620
10625
10629
10633
10637
10641
10645
10649
10653
10657
10661
10665
10670
10674
10678
10682
10686
10690
10694
10698
10702
10706
10711
10715
10719
10723
10727
10731
10735
10739
10743
10747
10752
10756
10760
10764
10768
10772
10776
10780
10784
10788
10792
10797
10801
10805
10809
10813
10817
10821
10825
10829
10833
10838
10842
10846
10850
10854
10858
10862
10866
10870
10874
10878
10883
10887
10891
10895
10899
10903
10907
10911
10915
10919
10924
10928
10932
10936
10940
10944
10948
10952
10956
10960
10964
10969
10973
10977
10981
10985
10989
10993
10997
11001
11005
11010
11014
11018
11022
11026
11030
11034
11038
11042
11046
11051
11055
11059
11063
11067
11071
11075
11079
11083
11087
11091
11096
11100
11104
11108
11112
11116
11120
11124
11128
11132
11137
11141
11145
11149
11153
11157
11161
11165
11169
11173
11177
11182
11186
11190
11194
11198
11202
11206
11210
11214
11218
11223
11227
11231
11235
11239
11243
11247
11251
11255
11259
11264
11268
11272
11276
11280
11284
11288
11292
11296
11300
11304
11309
11313
11317
11321
11325
11329
11333
11337
11341
11345
11350
11354
11358
11362
11366
11370
11374
11378
11382
11386
11390
11395
11399
11403
11407
11411
11415
11419
11423
11427
11431
11436
11440
11444
11448
11452
11456
11460
11464
11468
11472
11476
11481
11485
11489
11493
11497
11501
11505
11509
11513
11517
11522
11526
11530
11534
11538
11542
11546
11550
11554
11558
11563
11567
11571
11575
11579
11583
11587
11591
11595
11599
11603
11608
11612
11616
11620
11624
11628
11632
11636
11640
11644
11649
11653
11657
11661
11665
11669
11673
11677
11681
11685
11689
11694
11698
11702
11706
11710
11714
11718
11722
11726
11730
11735
11739
11743
11747
11751
11755
11759
11763
11767
11771
11776
11780
11784
11788
11792
11796
11800
11804
11808
11812
11816
11821
11825
11829
11833
11837
11841
11845
11849
11853
11857
11862
11866
11870
11874
11878
11882
11886
11890
11894
11898
11902
11907
11911
11915
11919
11923
11927
11931
11935
11939
11943
11948
11952
11956
11960
11964
11968
11972
11976
11980
11984
11988
11993
11997
12001
12005
12009
12013
12017
12021
12025
12029
12034
12038
12042
12046
12050
12054
12058
12062
12066
12070
12075
12079
12083
12087
12091
12095
12099
12103
12107
12111
12115
12120
12124
12128
12132
12136
12140
12144
12148
12152
12156
12161
12165
12169
12173
12177
12181
12185
12189
12193
12197
12201
12206
12210
12214
12218
12222
12226
12230
12234
12238
12242
12247
12251
12255
12259
12263
12267
12271
12275
12279
12283
12288
12292
12296
12300
12304
12308
12312
12316
12320
12324
12328
12333
12337
12341
12345
12349
12353
12357
12361
12365
12369
12374
12378
12382
12386
12390
12394
12398
12402
12406
12410
12414
12419
12423
12427
12431
12435
12439
12443
12447
12451
12455
12460
12464
12468
12472
12476
12480
12484
12488
12492
12496
12500
12505
12509
12513
12517
12521
12525
12529
12533
12537
12541
12546
12550
12554
12558
12562
12566
12570
12574
12578
12582
12587
12591
12595
12599
12603
12607
12611
12615
12619
12623
12627
12632
12636
12640
12644
12648
12652
12656
12660
12664
12668
12673
12677
12681
12685
12689
12693
12697
12701
12705
12709
12713
12718
12722
12726
12730
12734
12738
12742
12746
12750
12754
12759
12763
12767
12771
12775
12779
12783
12787
12791
12795
12800
12804
12808
12812
12816
12820
12824
12828
12832
12836
12840
12845
12849
12853
12857
12861
12865
12869
12873
12877
12881
12886
12890
12894
12898
12902
12906
12910
12914
12918
12922
12926
12931
12935
12939
12943
12947
12951
12955
12959
12963
12967
12972
12976
12980
12984
12988
12992
12996
13000
13004
13008
13012
13017
13021
13025
13029
13033
13037
13041
13045
13049
13053
13058
13062
13066
13070
13074
13078
13082
13086
13090
13094
13099
13103
13107
13111
13115
13119
13123
13127
13131
13135
13139
13144
13148
13152
13156
13160
13164
13168
13172
13176
13180
13185
13189
13193
13197
13201
13205
13209
13213
13217
13221
13225
13230
13234
13238
13242
13246
13250
13254
13258
13262
13266
13271
13275
13279
13283
13287
13291
13295
13299
13303
13307
13312
13316
13320
13324
13328
13332
13336
13340
13344
13348
13352
13357
13361
13365
13369
13373
13377
13381
13385
13389
13393
13398
13402
13406
13410
13414
13418
13422
13426
13430
13434
13438
13443
13447
13451
13455
13459
13463
13467
13471
13475
13479
13484
13488
13492
13496
13500
13504
13508
13512
13516
13520
13524
13529
13533
13537
13541
13545
13549
13553
13557
13561
13565
13570
13574
13578
13582
13586
13590
13594
13598
13602
13606
13611
13615
13619
13623
13627
13631
13635
13639
13643
13647
13651
13656
13660
13664
13668
13672
13676
13680
13684
13688
13692
13697
13701
13705
13709
13713
13717
13721
13725
13729
13733
13737
13742
13746
13750
13754
13758
13762
13766
13770
13774
13778
13783
13787
13791
13795
13799
13803
13807
13811
13815
13819
13824
13828
13832
13836
13840
13844
13848
13852
13856
13860
13864
13869
13873
13877
13881
13885
13889
13893
13897
13901
13905
13910
13914
13918
13922
13926
13930
13934
13938
13942
13946
13950
13955
13959
13963
13967
13971
13975
13979
13983
13987
13991
13996
14000
14004
14008
14012
14016
14020
14024
14028
14032
14036
14041
14045
14049
14053
14057
14061
14065
14069
14073
14077
14082
14086
14090
14094
14098
14102
14106
14110
14114
14118
14123
14127
14131
14135
14139
14143
14147
14151
14155
14159
14163
14168
14172
14176
14180
14184
14188
14192
14196
14200
14204
14209
14213
14217
14221
14225
14229
14233
14237
14241
14245
14249
14254
14258
14262
14266
14270
14274
14278
14282
14286
14290
14295
14299
14303
14307
14311
14315
14319
14323
14327
14331
14336
14340
14344
14348
14352
14356
14360
14364
14368
14372
14376
14381
14385
14389
14393
14397
14401
14405
14409
14413
14417
14422
14426
14430
14434
14438
14442
14446
14450
14454
14458
14462
14467
14471
14475
14479
14483
14487
14491
14495
14499
14503
14508
14512
14516
14520
14524
14528
14532
14536
14540
14544
14548
14553
14557
14561
14565
14569
14573
14577
14581
14585
14589
14594
14598
14602
14606
14610
14614
14618
14622
14626
14630
14635
14639
14643
14647
14651
14655
14659
14663
14667
14671
14675
14680
14684
14688
14692
14696
14700
14704
14708
14712
14716
14721
14725
14729
14733
14737
14741
14745
14749
14753
14757
14761
14766
14770
14774
14778
14782
14786
14790
14794
14798
14802
14807
14811
14815
14819
14823
14827
14831
14835
14839
14843
14848
14852
14856
14860
14864
14868
14872
14876
14880
14884
14888
14893
14897
14901
14905
14909
14913
14917
14921
14925
14929
14934
14938
14942
14946
14950
14954
14958
14962
14966
14970
14974
14979
14983
14987
14991
14995
14999
15003
15007
15011
15015
15020
15024
15028
15032
15036
15040
15044
15048
15052
15056
15060
15065
15069
15073
15077
15081
15085
15089
15093
15097
15101
15106
15110
15114
15118
15122
15126
15130
15134
15138
15142
15147
15151
15155
15159
15163
15167
15171
15175
15179
15183
15187
15192
15196
15200
15204
15208
15212
15216
15220
15224
15228
15233
15237
15241
15245
15249
15253
15257
15261
15265
15269
15273
15278
15282
15286
15290
15294
15298
15302
15306
15310
15314
15319
15323
15327
15331
15335
15339
15343
15347
15351
15355
15360
15364
15368
15372
15376
15380
15384
15388
15392
15396
15400
15405
15409
15413
15417
15421
15425
15429
15433
15437
15441
15446
15450
15454
15458
15462
15466
15470
15474
15478
15482
15486
15491
15495
15499
15503
15507
15511
15515
15519
15523
15527
15532
15536
15540
15544
15548
15552
15556
15560
15564
15568
15572
15577
15581
15585
15589
15593
15597
15601
15605
15609
15613
15618
15622
15626
15630
15634
15638
15642
15646
15650
15654
15659
15663
15667
15671
15675
15679
15683
15687
15691
15695
15699
15704
15708
15712
15716
15720
15724
15728
15732
15736
15740
15745
15749
15753
15757
15761
15765
15769
15773
15777
15781
15785
15790
15794
15798
15802
15806
15810
15814
15818
15822
15826
15831
15835
15839
15843
15847
15851
15855
15859
15863
15867
15872
15876
15880
15884
15888
15892
15896
15900
15904
15908
15912
15917
15921
15925
15929
15933
15937
15941
15945
15949
15953
15958
15962
15966
15970
15974
15978
15982
15986
15990
15994
15998
16003
16007
16011
16015
16019
16023
16027
16031
16035
16039
16044
16048
16052
16056
16060
16064
16068
16072
16076
16080
16084
16089
16093
16097
16101
16105
16109
16113
16117
16121
16125
16130
16134
16138
16142
16146
16150
16154
16158
16162
16166
16171
16175
16179
16183
16187
16191
16195
16199
16203
16207
16211
16216
16220
16224
16228
16232
16236
16240
16244
16248
16252
16257
16261
16265
16269
16273
16277
16281
16285
16289
16293
16297
16302
16306
16310
16314
16318
16322
16326
16330
16334
16338
16343
16347
16351
16355
16359
16363
16367
16371
16375
16379
16384
16388
16392
16396
16400
16404
16408
16412
16416
16420
16424
16429
16433
16437
16441
16445
16449
16453
16457
16461
16465
16470
16474
16478
16482
16486
16490
16494
16498
16502
16506
16510
16515
16519
16523
16527
16531
16535
16539
16543
16547
16551
16556
16560
16564
16568
16572
16576
16580
16584
16588
16592
16596
16601
16605
16609
16613
16617
16621
16625
16629
16633
16637
16642
16646
16650
16654
16658
16662
16666
16670
16674
16678
16683
16687
16691
16695
16699
16703
16707
16711
16715
16719
16723
16728
16732
16736
16740
16744
16748
16752
16756
16760
16764
16769
16773
16777
16781
16785
16789
16793
16797
16801
16805
16809
16814
16818
16822
16826
16830
16834
16838
16842
16846
16850
16855
16859
16863
16867
16871
16875
16879
16883
16887
16891
16896
16900
16904
16908
16912
16916
16920
16924
16928
16932
16936
16941
16945
16949
16953
16957
16961
16965
16969
16973
16977
16982
16986
16990
16994
16998
17002
17006
17010
17014
17018
17022
17027
17031
17035
17039
17043
17047
17051
17055
17059
17063
17068
17072
17076
17080
17084
17088
17092
17096
17100
17104
17108
17113
17117
17121
17125
17129
17133
17137
17141
17145
17149
17154
17158
17162
17166
17170
17174
17178
17182
17186
17190
17195
17199
17203
17207
17211
17215
17219
17223
17227
17231
17235
17240
17244
17248
17252
17256
17260
17264
17268
17272
17276
17281
17285
17289
17293
17297
17301
17305
17309
17313
17317
17321
17326
17330
17334
17338
17342
17346
17350
17354
17358
17362
17367
17371
17375
17379
17383
17387
17391
17395
17399
17403
17408
17412
17416
17420
17424
17428
17432
17436
17440
17444
17448
17453
17457
17461
17465
17469
17473
17477
17481
17485
17489
17494
17498
17502
17506
17510
17514
17518
17522
17526
17530
17534
17539
17543
17547
17551
17555
17559
17563
17567
17571
17575
17580
17584
17588
17592
17596
17600
17604
17608
17612
17616
17620
17625
17629
17633
17637
17641
17645
17649
17653
17657
17661
17666
17670
17674
17678
17682
17686
17690
17694
17698
17702
17707
17711
17715
17719
17723
17727
17731
17735
17739
17743
17747
17752
17756
17760
17764
17768
17772
17776
17780
17784
17788
17793
17797
17801
17805
17809
17813
17817
17821
17825
17829
17833
17838
17842
17846
17850
17854
17858
17862
17866
17870
17874
17879
17883
17887
17891
17895
17899
17903
17907
17911
17915
17920
17924
17928
17932
17936
17940
17944
17948
17952
17956
17960
17965
17969
17973
17977
17981
17985
17989
17993
17997
18001
18006
18010
18014
18018
18022
18026
18030
18034
18038
18042
18046
18051
18055
18059
18063
18067
18071
18075
18079
18083
18087
18092
18096
18100
18104
18108
18112
18116
18120
18124
18128
18132
18137
18141
18145
18149
18153
18157
18161
18165
18169
18173
18178
18182
18186
18190
18194
18198
18202
18206
18210
18214
18219
18223
18227
18231
18235
18239
18243
18247
18251
18255
18259
18264
18268
18272
18276
18280
18284
18288
18292
18296
18300
18305
18309
18313
18317
18321
18325
18329
18333
18337
18341
18345
18350
18354
18358
18362
18366
18370
18374
18378
18382
18386
18391
18395
18399
18403
18407
18411
18415
18419
18423
18427
18432
18436
18440
18444
18448
18452
18456
18460
18464
18468
18472
18477
18481
18485
18489
18493
18497
18501
18505
18509
18513
18518
18522
18526
18530
18534
18538
18542
18546
18550
18554
18558
18563
18567
18571
18575
18579
18583
18587
18591
18595
18599
18604
18608
18612
18616
18620
18624
18628
18632
18636
18640
18644
18649
18653
18657
18661
18665
18669
18673
18677
18681
18685
18690
18694
18698
18702
18706
18710
18714
18718
18722
18726
18731
18735
18739
18743
18747
18751
18755
18759
18763
18767
18771
18776
18780
18784
18788
18792
18796
18800
18804
18808
18812
18817
18821
18825
18829
18833
18837
18841
18845
18849
18853
18857
18862
18866
18870
18874
18878
18882
18886
18890
18894
18898
18903
18907
18911
18915
18919
18923
18927
18931
18935
18939
18944
18948
18952
18956
18960
18964
18968
18972
18976
18980
18984
18989
18993
18997
19001
19005
19009
19013
19017
19021
19025
19030
19034
19038
19042
19046
19050
19054
19058
19062
19066
19070
19075
19079
19083
19087
19091
19095
19099
19103
19107
19111
19116
19120
19124
19128
19132
19136
19140
19144
19148
19152
19156
19161
19165
19169
19173
19177
19181
19185
19189
19193
19197
19202
19206
19210
19214
19218
19222
19226
19230
19234
19238
19243
19247
19251
19255
19259
19263
19267
19271
19275
19279
19283
19288
19292
19296
19300
19304
19308
19312
19316
19320
19324
19329
19333
19337
19341
19345
19349
19353
19357
19361
19365
19369
19374
19378
19382
19386
19390
19394
19398
19402
19406
19410
19415
19419
19423
19427
19431
19435
19439
19443
19447
19451
19456
19460
19464
19468
19472
19476
19480
19484
19488
19492
19496
19501
19505
19509
19513
19517
19521
19525
19529
19533
19537
19542
19546
19550
19554
19558
19562
19566
19570
19574
19578
19582
19587
19591
19595
19599
19603
19607
19611
19615
19619
19623
19628
19632
19636
19640
19644
19648
19652
19656
19660
19664
19668
19673
19677
19681
19685
19689
19693
19697
19701
19705
19709
19714
19718
19722
19726
19730
19734
19738
19742
19746
19750
19755
19759
19763
19767
19771
19775
19779
19783
19787
19791
19795
19800
19804
19808
19812
19816
19820
19824
19828
19832
19836
19841
19845
19849
19853
19857
19861
19865
19869
19873
19877
19881
19886
19890
19894
19898
19902
19906
19910
19914
19918
19922
19927
19931
19935
19939
19943
19947
19951
19955
19959
19963
19968
19972
19976
19980
19984
19988
19992
19996
20000
20004
20008
20013
20017
20021
20025
20029
20033
20037
20041
20045
20049
20054
20058
20062
20066
20070
20074
20078
20082
20086
20090
20094
20099
20103
20107
20111
20115
20119
20123
20127
20131
20135
20140
20144
20148
20152
20156
20160
20164
20168
20172
20176
20180
20185
20189
20193
20197
20201
20205
20209
20213
20217
20221
20226
20230
20234
20238
20242
20246
20250
20254
20258
20262
20267
20271
20275
20279
20283
20287
20291
20295
20299
20303
20307
20312
20316
20320
20324
20328
20332
20336
20340
20344
20348
20353
20357
20361
20365
20369
20373
20377
20381
20385
20389
20393
20398
20402
20406
20410
20414
20418
20422
20426
20430
20434
20439
20443
20447
20451
20455
20459
20463
20467
20471
20475
20480
20484
20488
20492
20496
20500
20504
20508
20512
20516
20520
20525
20529
20533
20537
20541
20545
20549
20553
20557
20561
20566
20570
20574
20578
20582
20586
20590
20594
20598
20602
20606
20611
20615
20619
20623
20627
20631
20635
20639
20643
20647
20652
20656
20660
20664
20668
20672
20676
20680
20684
20688
20692
20697
20701
20705
20709
20713
20717
20721
20725
20729
20733
20738
20742
20746
20750
20754
20758
20762
20766
20770
20774
20779
20783
20787
20791
20795
20799
20803
20807
20811
20815
20819
20824
20828
20832
20836
20840
20844
20848
20852
20856
20860
20865
20869
20873
20877
20881
20885
20889
20893
20897
20901
20905
20910
20914
20918
20922
20926
20930
20934
20938
20942
20946
20951
20955
20959
20963
20967
20971
20975
20979
20983
20987
20992
20996
21000
21004
21008
21012
21016
21020
21024
21028
21032
21037
21041
21045
21049
21053
21057
21061
21065
21069
21073
21078
21082
21086
21090
21094
21098
21102
21106
21110
21114
21118
21123
21127
21131
21135
21139
21143
21147
21151
21155
21159
21164
21168
21172
21176
21180
21184
21188
21192
21196
21200
21204
21209
21213
21217
21221
21225
21229
21233
21237
21241
21245
21250
21254
21258
21262
21266
21270
21274
21278
21282
21286
21291
21295
21299
21303
21307
21311
21315
21319
21323
21327
21331
21336
21340
21344
21348
21352
21356
21360
21364
21368
21372
21377
21381
21385
21389
21393
21397
21401
21405
21409
21413
21417
21422
21426
21430
21434
21438
21442
21446
21450
21454
21458
21463
21467
21471
21475
21479
21483
21487
21491
21495
21499
21504
21508
21512
21516
21520
21524
21528
21532
21536
21540
21544
21549
21553
21557
21561
21565
21569
21573
21577
21581
21585
21590
21594
21598
21602
21606
21610
21614
21618
21622
21626
21630
21635
21639
21643
21647
21651
21655
21659
21663
21667
21671
21676
21680
21684
21688
21692
21696
21700
21704
21708
21712
21716
21721
21725
21729
21733
21737
21741
21745
21749
21753
21757
21762
21766
21770
21774
21778
21782
21786
21790
21794
21798
21803
21807
21811
21815
21819
21823
21827
21831
21835
21839
21843
21848
21852
21856
21860
21864
21868
21872
21876
21880
21884
21889
21893
21897
21901
21905
21909
21913
21917
21921
21925
21929
21934
21938
21942
21946
21950
21954
21958
21962
21966
21970
21975
21979
21983
21987
21991
21995
21999
22003
22007
22011
22016
22020
22024
22028
22032
22036
22040
22044
22048
22052
22056
22061
22065
22069
22073
22077
22081
22085
22089
22093
22097
22102
22106
22110
22114
22118
22122
22126
22130
22134
22138
22142
22147
22151
22155
22159
22163
22167
22171
22175
22179
22183
22188
22192
22196
22200
22204
22208
22212
22216
22220
22224
22228
22233
22237
22241
22245
22249
22253
22257
22261
22265
22269
22274
22278
22282
22286
22290
22294
22298
22302
22306
22310
22315
22319
22323
22327
22331
22335
22339
22343
22347
22351
22355
22360
22364
22368
22372
22376
22380
22384
22388
22392
22396
22401
22405
22409
22413
22417
22421
22425
22429
22433
22437
22441
22446
22450
22454
22458
22462
22466
22470
22474
22478
22482
22487
22491
22495
22499
22503
22507
22511
22515
22519
22523
22528
22532
22536
22540
22544
22548
22552
22556
22560
22564
22568
22573
22577
22581
22585
22589
22593
22597
22601
22605
22609
22614
22618
22622
22626
22630
22634
22638
22642
22646
22650
22654
22659
22663
22667
22671
22675
22679
22683
22687
22691
22695
22700
22704
22708
22712
22716
22720
22724
22728
22732
22736
22740
22745
22749
22753
22757
22761
22765
22769
22773
22777
22781
22786
22790
22794
22798
22802
22806
22810
22814
22818
22822
22827
22831
22835
22839
22843
22847
22851
22855
22859
22863
22867
22872
22876
22880
22884
22888
22892
22896
22900
22904
22908
22913
22917
22921
22925
22929
22933
22937
22941
22945
22949
22953
22958
22962
22966
22970
22974
22978
22982
22986
22990
22994
22999
23003
23007
23011
23015
23019
23023
23027
23031
23035
23040
23044
23048
23052
23056
23060
23064
23068
23072
23076
23080
23085
23089
23093
23097
23101
23105
23109
23113
23117
23121
23126
23130
23134
23138
23142
23146
23150
23154
23158
23162
23166
23171
23175
23179
23183
23187
23191
23195
23199
23203
23207
23212
23216
23220
23224
23228
23232
23236
23240
23244
23248
23252
23257
23261
23265
23269
23273
23277
23281
23285
23289
23293
23298
23302
23306
23310
23314
23318
23322
23326
23330
23334
23339
23343
23347
23351
23355
23359
23363
23367
23371
23375
23379
23384
23388
23392
23396
23400
23404
23408
23412
23416
23420
23425
23429
23433
23437
23441
23445
23449
23453
23457
23461
23465
23470
23474
23478
23482
23486
23490
23494
23498
23502
23506
23511
23515
23519
23523
23527
23531
23535
23539
23543
23547
23552
23556
23560
23564
23568
23572
23576
23580
23584
23588
23592
23597
23601
23605
23609
23613
23617
23621
23625
23629
23633
23638
23642
23646
23650
23654
23658
23662
23666
23670
23674
23678
23683
23687
23691
23695
23699
23703
23707
23711
23715
23719
23724
23728
23732
23736
23740
23744
23748
23752
23756
23760
23764
23769
23773
23777
23781
23785
23789
23793
23797
23801
23805
23810
23814
23818
23822
23826
23830
23834
23838
23842
23846
23851
23855
23859
23863
23867
23871
23875
23879
23883
23887
23891
23896
23900
23904
23908
23912
23916
23920
23924
23928
23932
23937
23941
23945
23949
23953
23957
23961
23965
23969
23973
23977
23982
23986
23990
23994
23998
24002
24006
24010
24014
24018
24023
24027
24031
24035
24039
24043
24047
24051
24055
24059
24064
24068
24072
24076
24080
24084
24088
24092
24096
24100
24104
24109
24113
24117
24121
24125
24129
24133
24137
24141
24145
24150
24154
24158
24162
24166
24170
24174
24178
24182
24186
24190
24195
24199
24203
24207
24211
24215
24219
24223
24227
24231
24236
24240
24244
24248
24252
24256
24260
24264
24268
24272
24276
24281
24285
24289
24293
24297
24301
24305
24309
24313
24317
24322
24326
24330
24334
24338
24342
24346
24350
24354
24358
24363
24367
24371
24375
24379
24383
24387
24391
24395
24399
24403
24408
24412
24416
24420
24424
24428
24432
24436
24440
24444
24449
24453
24457
24461
24465
24469
24473
24477
24481
24485
24489
24494
24498
24502
24506
24510
24514
24518
24522
24526
24530
24535
24539
24543
24547
24551
24555
24559
24563
24567
24571
24576
24580
24584
24588
24592
24596
24600
24604
24608
24612
24616
24621
24625
24629
24633
24637
24641
24645
24649
24653
24657
24662
24666
24670
24674
24678
24682
24686
24690
24694
24698
24702
24707
24711
24715
24719
24723
24727
24731
24735
24739
24743
24748
24752
24756
24760
24764
24768
24772
24776
24780
24784
24788
24793
24797
24801
24805
24809
24813
24817
24821
24825
24829
24834
24838
24842
24846
24850
24854
24858
24862
24866
24870
24875
24879
24883
24887
24891
24895
24899
24903
24907
24911
24915
24920
24924
24928
24932
24936
24940
24944
24948
24952
24956
24961
24965
24969
24973
24977
24981
24985
24989
24993
24997
25001
25006
25010
25014
25018
25022
25026
25030
25034
25038
25042
25047
25051
25055
25059
25063
25067
25071
25075
25079
25083
25088
25092
25096
25100
25104
25108
25112
25116
25120
25124
25128
25133
25137
25141
25145
25149
25153
25157
25161
25165
25169
25174
25178
25182
25186
25190
25194
25198
25202
25206
25210
25214
25219
25223
25227
25231
25235
25239
25243
25247
25251
25255
25260
25264
25268
25272
25276
25280
25284
25288
25292
25296
25300
25305
25309
25313
25317
25321
25325
25329
25333
25337
25341
25346
25350
25354
25358
25362
25366
25370
25374
25378
25382
25387
25391
25395
25399
25403
25407
25411
25415
25419
25423
25427
25432
25436
25440
25444
25448
25452
25456
25460
25464
25468
25473
25477
25481
25485
25489
25493
25497
25501
25505
25509
25513
25518
25522
25526
25530
25534
25538
25542
25546
25550
25554
25559
25563
25567
25571
25575
25579
25583
25587
25591
25595
25600
25604
25608
25612
25616
25620
25624
25628
25632
25636
25640
25645
25649
25653
25657
25661
25665
25669
25673
25677
25681
25686
25690
